# JRE version: OpenJDK Runtime Environment (8.0_152-b01) (build 1.8.0_152-release-915-b01)
# Java VM: OpenJDK 64-Bit Server VM (25.152-b01 mixed mode windows-amd64 compressed oops)
Heap:
 PSYoungGen      total 275968K, used 70604K [0x00000000e0000000, 0x00000000f7700000, 0x0000000100000000)
  eden space 253952K, 26% used [0x00000000e0000000,0x00000000e4157438,0x00000000ef800000)
  from space 22016K, 16% used [0x00000000ef800000,0x00000000efb9bd20,0x00000000f0d80000)
  to   space 22016K, 0% used [0x00000000f6180000,0x00000000f6180000,0x00000000f7700000)
 ParOldGen       total 144896K, used 34504K [0x00000000a0000000, 0x00000000a8d80000, 0x00000000e0000000)
  object space 144896K, 23% used [0x00000000a0000000,0x00000000a21b22d8,0x00000000a8d80000)
 Metaspace       used 64145K, capacity 66686K, committed 66904K, reserved 1107968K
  class space    used 8386K, capacity 8972K, committed 9088K, reserved 1048576K
GC Heap History (10 events):
Event: 16.046 GC heap before
{Heap before GC invocations=14 (full 3):
 PSYoungGen      total 163328K, used 17060K [0x00000000e0000000, 0x00000000eee00000, 0x0000000100000000)
  eden space 142848K, 0% used [0x00000000e0000000,0x00000000e0000000,0x00000000e8b80000)
  from space 20480K, 83% used [0x00000000e8b80000,0x00000000e9c29078,0x00000000e9f80000)
  to   space 22016K, 0% used [0x00000000ed880000,0x00000000ed880000,0x00000000eee00000)
 ParOldGen       total 104448K, used 29081K [0x00000000a0000000, 0x00000000a6600000, 0x00000000e0000000)
  object space 104448K, 27% used [0x00000000a0000000,0x00000000a1c665c0,0x00000000a6600000)
 Metaspace       used 56840K, capacity 58916K, committed 59028K, reserved 1099776K
  class space    used 7630K, capacity 8143K, committed 8192K, reserved 1048576K
Event: 16.228 GC heap after
Heap after GC invocations=14 (full 3):
 PSYoungGen      total 163328K, used 0K [0x00000000e0000000, 0x00000000eee00000, 0x0000000100000000)
  eden space 142848K, 0% used [0x00000000e0000000,0x00000000e0000000,0x00000000e8b80000)
  from space 20480K, 0% used [0x00000000e8b80000,0x00000000e8b80000,0x00000000e9f80000)
  to   space 22016K, 0% used [0x00000000ed880000,0x00000000ed880000,0x00000000eee00000)
 ParOldGen       total 144896K, used 34472K [0x00000000a0000000, 0x00000000a8d80000, 0x00000000e0000000)
  object space 144896K, 23% used [0x00000000a0000000,0x00000000a21aa2d8,0x00000000a8d80000)
 Metaspace       used 56722K, capacity 58612K, committed 59028K, reserved 1099776K
  class space    used 7586K, capacity 8065K, committed 8192K, reserved 1048576K
}
Event: 17.010 GC heap before
{Heap before GC invocations=15 (full 3):
 PSYoungGen      total 163328K, used 142848K [0x00000000e0000000, 0x00000000eee00000, 0x0000000100000000)
  eden space 142848K, 100% used [0x00000000e0000000,0x00000000e8b80000,0x00000000e8b80000)
  from space 20480K, 0% used [0x00000000e8b80000,0x00000000e8b80000,0x00000000e9f80000)
  to   space 22016K, 0% used [0x00000000ed880000,0x00000000ed880000,0x00000000eee00000)
 ParOldGen       total 144896K, used 34472K [0x00000000a0000000, 0x00000000a8d80000, 0x00000000e0000000)
  object space 144896K, 23% used [0x00000000a0000000,0x00000000a21aa2d8,0x00000000a8d80000)
 Metaspace       used 57491K, capacity 59436K, committed 59864K, reserved 1101824K
  class space    used 7625K, capacity 8099K, committed 8192K, reserved 1048576K
Event: 17.020 GC heap after
Heap after GC invocations=15 (full 3):
 PSYoungGen      total 213504K, used 15488K [0x00000000e0000000, 0x00000000eea80000, 0x0000000100000000)
  eden space 195072K, 0% used [0x00000000e0000000,0x00000000e0000000,0x00000000ebe80000)
  from space 18432K, 84% used [0x00000000ed880000,0x00000000ee7a0158,0x00000000eea80000)
  to   space 22528K, 0% used [0x00000000ebe80000,0x00000000ebe80000,0x00000000ed480000)
 ParOldGen       total 144896K, used 34480K [0x00000000a0000000, 0x00000000a8d80000, 0x00000000e0000000)
  object space 144896K, 23% used [0x00000000a0000000,0x00000000a21ac2d8,0x00000000a8d80000)
 Metaspace       used 57491K, capacity 59436K, committed 59864K, reserved 1101824K
  class space    used 7625K, capacity 8099K, committed 8192K, reserved 1048576K
}
Event: 17.610 GC heap before
{Heap before GC invocations=16 (full 3):
 PSYoungGen      total 213504K, used 210560K [0x00000000e0000000, 0x00000000eea80000, 0x0000000100000000)
  eden space 195072K, 100% used [0x00000000e0000000,0x00000000ebe80000,0x00000000ebe80000)
  from space 18432K, 84% used [0x00000000ed880000,0x00000000ee7a0158,0x00000000eea80000)
  to   space 22528K, 0% used [0x00000000ebe80000,0x00000000ebe80000,0x00000000ed480000)
 ParOldGen       total 144896K, used 34480K [0x00000000a0000000, 0x00000000a8d80000, 0x00000000e0000000)
  object space 144896K, 23% used [0x00000000a0000000,0x00000000a21ac2d8,0x00000000a8d80000)
 Metaspace       used 58238K, capacity 60212K, committed 60760K, reserved 1101824K
  class space    used 7689K, capacity 8167K, committed 8320K, reserved 1048576K
Event: 17.616 GC heap after
Heap after GC invocations=16 (full 3):
 PSYoungGen      total 217600K, used 13657K [0x00000000e0000000, 0x00000000f2a00000, 0x0000000100000000)
  eden space 195072K, 0% used [0x00000000e0000000,0x00000000e0000000,0x00000000ebe80000)
  from space 22528K, 60% used [0x00000000ebe80000,0x00000000ecbd6598,0x00000000ed480000)
  to   space 22016K, 0% used [0x00000000f1480000,0x00000000f1480000,0x00000000f2a00000)
 ParOldGen       total 144896K, used 34488K [0x00000000a0000000, 0x00000000a8d80000, 0x00000000e0000000)
  object space 144896K, 23% used [0x00000000a0000000,0x00000000a21ae2d8,0x00000000a8d80000)
 Metaspace       used 58238K, capacity 60212K, committed 60760K, reserved 1101824K
  class space    used 7689K, capacity 8167K, committed 8320K, reserved 1048576K
}
Event: 20.148 GC heap before
{Heap before GC invocations=17 (full 3):
 PSYoungGen      total 217600K, used 208729K [0x00000000e0000000, 0x00000000f2a00000, 0x0000000100000000)
  eden space 195072K, 100% used [0x00000000e0000000,0x00000000ebe80000,0x00000000ebe80000)
  from space 22528K, 60% used [0x00000000ebe80000,0x00000000ecbd6598,0x00000000ed480000)
  to   space 22016K, 0% used [0x00000000f1480000,0x00000000f1480000,0x00000000f2a00000)
 ParOldGen       total 144896K, used 34488K [0x00000000a0000000, 0x00000000a8d80000, 0x00000000e0000000)
  object space 144896K, 23% used [0x00000000a0000000,0x00000000a21ae2d8,0x00000000a8d80000)
 Metaspace       used 59604K, capacity 61688K, committed 61912K, reserved 1103872K
  class space    used 7874K, capacity 8369K, committed 8448K, reserved 1048576K
Event: 20.156 GC heap after
Heap after GC invocations=17 (full 3):
 PSYoungGen      total 268800K, used 7358K [0x00000000e0000000, 0x00000000f2300000, 0x0000000100000000)
  eden space 253952K, 0% used [0x00000000e0000000,0x00000000e0000000,0x00000000ef800000)
  from space 14848K, 49% used [0x00000000f1480000,0x00000000f1bafbc0,0x00000000f2300000)
  to   space 22016K, 0% used [0x00000000ef800000,0x00000000ef800000,0x00000000f0d80000)
 ParOldGen       total 144896K, used 34496K [0x00000000a0000000, 0x00000000a8d80000, 0x00000000e0000000)
  object space 144896K, 23% used [0x00000000a0000000,0x00000000a21b02d8,0x00000000a8d80000)
 Metaspace       used 59604K, capacity 61688K, committed 61912K, reserved 1103872K
  class space    used 7874K, capacity 8369K, committed 8448K, reserved 1048576K
}
Event: 20.274 GC heap before
{Heap before GC invocations=18 (full 3):
 PSYoungGen      total 268800K, used 261253K [0x00000000e0000000, 0x00000000f2300000, 0x0000000100000000)
  eden space 253952K, 99% used [0x00000000e0000000,0x00000000ef7f1840,0x00000000ef800000)
  from space 14848K, 49% used [0x00000000f1480000,0x00000000f1bafbc0,0x00000000f2300000)
  to   space 22016K, 0% used [0x00000000ef800000,0x00000000ef800000,0x00000000f0d80000)
 ParOldGen       total 144896K, used 34496K [0x00000000a0000000, 0x00000000a8d80000, 0x00000000e0000000)
  object space 144896K, 23% used [0x00000000a0000000,0x00000000a21b02d8,0x00000000a8d80000)
 Metaspace       used 59684K, capacity 61758K, committed 61912K, reserved 1103872K
  class space    used 7874K, capacity 8370K, committed 8448K, reserved 1048576K
Event: 20.279 GC heap after
Heap after GC invocations=18 (full 3):
 PSYoungGen      total 275968K, used 3695K [0x00000000e0000000, 0x00000000f7700000, 0x0000000100000000)
  eden space 253952K, 0% used [0x00000000e0000000,0x00000000e0000000,0x00000000ef800000)
  from space 22016K, 16% used [0x00000000ef800000,0x00000000efb9bd20,0x00000000f0d80000)
  to   space 22016K, 0% used [0x00000000f6180000,0x00000000f6180000,0x00000000f7700000)
 ParOldGen       total 144896K, used 34504K [0x00000000a0000000, 0x00000000a8d80000, 0x00000000e0000000)
  object space 144896K, 23% used [0x00000000a0000000,0x00000000a21b22d8,0x00000000a8d80000)
 Metaspace       used 59684K, capacity 61758K, committed 61912K, reserved 1103872K
  class space    used 7874K, capacity 8370K, committed 8448K, reserved 1048576K
}

